gpasm-1.5.0 #1285 (Sep 12 2016) obj\Release\m   8-6-2020  15:31:05          PAGE  1


LOC    OBJECT CODE    LINE  SOURCE TEXT
  VALUE

                      00001 ;--------------------------------------------------------
                      00002 ; File Created by SDCC : free open source ANSI-C Compiler
                      00003 ; Version 4.0.0 #11528 (MINGW64)
                      00004 ;--------------------------------------------------------
                      00005 ; PIC port for the 14-bit core
                      00006 ;--------------------------------------------------------
                      00007 ;       .file   "minutes.c"
                      00008         list    p=16f877a
                      00009         radix dec
                      00010         include "p16f877a.inc"
                      00001         LIST
                      00002 
                      00003 ;==========================================================================
                      00004 ; Build date : Oct 21 2015
                      00005 ;  MPASM PIC16F877A processor include
                      00006 ; 
                      00007 ;  (c) Copyright 1999-2015 Microchip Technology, All rights reserved
                      00008 ;==========================================================================
                      00009 
                      00567         LIST
                      00011 ;--------------------------------------------------------
                      00012 ; external declarations
                      00013 ;--------------------------------------------------------
  0000                00014         extern  __modsint
  0000                00015         extern  __divsint
  0000                00016         extern  _SSD_SetSymbol
  0000                00017         extern  _get_mode
  0000                00018         extern  _PB_GetState
                      00019 
  0000                00020         extern PSAVE
  0000                00021         extern SSAVE
  0000                00022         extern WSAVE
  0000                00023         extern STK12
  0000                00024         extern STK11
  0000                00025         extern STK10
  0000                00026         extern STK09
  0000                00027         extern STK08
  0000                00028         extern STK07
  0000                00029         extern STK06
  0000                00030         extern STK05
  0000                00031         extern STK04
  0000                00032         extern STK03
  0000                00033         extern STK02
  0000                00034         extern STK01
  0000                00035         extern STK00
                      00036 ;--------------------------------------------------------
                      00037 ; global declarations
                      00038 ;--------------------------------------------------------
  0000                00039         global  _minutes_init
  0000                00040         global  _minutes_update
  0000                00041         global  _get_minutes
                      00042 
                      00043 ;--------------------------------------------------------
gpasm-1.5.0 #1285 (Sep 12 2016) obj\Release\m   8-6-2020  15:31:05          PAGE  2


LOC    OBJECT CODE    LINE  SOURCE TEXT
  VALUE

                      00044 ; global definitions
                      00045 ;--------------------------------------------------------
                      00046 ;--------------------------------------------------------
                      00047 ; absolute symbol definitions
                      00048 ;--------------------------------------------------------
                      00049 ;--------------------------------------------------------
                      00050 ; compiler-defined variables
                      00051 ;--------------------------------------------------------
                      00052 UDL_minutes_0   udata
0000                  00053 r0x1005 res     1
0001                  00054 r0x1006 res     1
0002                  00055 r0x1007 res     1
                      00056 ;--------------------------------------------------------
                      00057 ; initialized data
                      00058 ;--------------------------------------------------------
                      00059 
                      00060 IDD_minutes_0   idata
0000                  00061 _one_second_time
0000   00             00062         db      0x00    ; 0
                      00063 
                      00064 
                      00065 IDD_minutes_1   idata
0000                  00066 _minutes
0000   00             00067         db      0x00    ; 0
                      00068 
                      00069 
                      00070 IDD_minutes_2   idata
0000                  00071 _minutes_time
0000   00 00          00072         db      0x00, 0x00      ; 0
                      00073 
                      00074 
                      00075 IDD_minutes_3   idata
0000                  00076 _SSD_data
0000   0A             00077         db      0x0a    ; 10
                      00078 
                      00079 ;--------------------------------------------------------
                      00080 ; initialized absolute data
                      00081 ;--------------------------------------------------------
                      00082 ;--------------------------------------------------------
                      00083 ; overlayable items in internal ram 
                      00084 ;--------------------------------------------------------
                      00085 ;       udata_ovr
                      00086 ;--------------------------------------------------------
                      00087 ; code
                      00088 ;--------------------------------------------------------
                      00089 code_minutes    code
                      00090 ;***
                      00091 ;  pBlock Stats: dbName = C
                      00092 ;***
                      00093 ;has an exit
                      00094 ;; Starting pCode block
                      00095 S_minutes__get_minutes  code
0000                  00096 _get_minutes:
gpasm-1.5.0 #1285 (Sep 12 2016) obj\Release\m   8-6-2020  15:31:05          PAGE  3


LOC    OBJECT CODE    LINE  SOURCE TEXT
  VALUE

                      00097 ; 2 exit points
                      00098 ;       .line   108; "minutes.c"        return minutes ;
0000   0??? 0???      00099         BANKSEL _minutes
0002   08??           00100         MOVF    _minutes,W
                      00101 ;       .line   109; "minutes.c"        }
0003   0008           00102         RETURN  
                      00103 ; exit point of _get_minutes
                      00104 
                      00105 ;***
                      00106 ;  pBlock Stats: dbName = C
                      00107 ;***
                      00108 ;has an exit
                      00109 ;functions called:
                      00110 ;   _get_mode
                      00111 ;   __divsint
                      00112 ;   _SSD_SetSymbol
                      00113 ;   __modsint
                      00114 ;   _SSD_SetSymbol
                      00115 ;   _get_mode
                      00116 ;   _PB_GetState
                      00117 ;   _PB_GetState
                      00118 ;   __divsint
                      00119 ;   _SSD_SetSymbol
                      00120 ;   __modsint
                      00121 ;   _SSD_SetSymbol
                      00122 ;   _SSD_SetSymbol
                      00123 ;   _SSD_SetSymbol
                      00124 ;   _TOGGLE_passed_value_to_SSD
                      00125 ;   _get_mode
                      00126 ;   __divsint
                      00127 ;   _SSD_SetSymbol
                      00128 ;   __modsint
                      00129 ;   _SSD_SetSymbol
                      00130 ;   _get_mode
                      00131 ;   _PB_GetState
                      00132 ;   _PB_GetState
                      00133 ;   __divsint
                      00134 ;   _SSD_SetSymbol
                      00135 ;   __modsint
                      00136 ;   _SSD_SetSymbol
                      00137 ;   _SSD_SetSymbol
                      00138 ;   _SSD_SetSymbol
                      00139 ;   _TOGGLE_passed_value_to_SSD
                      00140 ;6 compiler assigned registers:
                      00141 ;   r0x1005
                      00142 ;   r0x1006
                      00143 ;   STK02
                      00144 ;   STK01
                      00145 ;   STK00
                      00146 ;   r0x1007
                      00147 ;; Starting pCode block
                      00148 S_minutes__minutes_update       code
0000                  00149 _minutes_update:
gpasm-1.5.0 #1285 (Sep 12 2016) obj\Release\m   8-6-2020  15:31:05          PAGE  4


LOC    OBJECT CODE    LINE  SOURCE TEXT
  VALUE

                      00150 ; 2 exit points
                      00151 ;       .line   46; "minutes.c" if(get_mode()== normal)
0000   0??? 0???      00152         PAGESEL _get_mode
0002   2???           00153         CALL    _get_mode
0003   0??? 0???      00154         PAGESEL $
0005   0??? 0???      00155         BANKSEL r0x1005
0007   00??           00156         MOVWF   r0x1005
0008   08??           00157         MOVF    r0x1005,W
0009   1D03           00158         BTFSS   STATUS,2
000A   2???           00159         GOTO    _00140_DS_
                      00160 ;       .line   48; "minutes.c" minutes_time++;    one_second_time =0;
000B   0??? 0???      00161         BANKSEL _minutes_time
000D   0A??           00162         INCF    _minutes_time,F
000E   1903           00163         BTFSC   STATUS,2
000F   0A??           00164         INCF    (_minutes_time + 1),F
0010   0??? 0???      00165         BANKSEL _one_second_time
0012   01??           00166         CLRF    _one_second_time
                      00167 ;       .line   51; "minutes.c" if(minutes_time ==  NUM_OFF_TICK_PER_minutes ){  if(minutes < 60 ) {minu
                            tes++; }
0013   0??? 0???      00168         BANKSEL _minutes_time
0015   08??           00169         MOVF    _minutes_time,W
0016   3A32           00170         XORLW   0x32
0017   1D03           00171         BTFSS   STATUS,2
0018   2???           00172         GOTO    _00121_DS_
0019   08??           00173         MOVF    (_minutes_time + 1),W
001A   3A00           00174         XORLW   0x00
001B   1D03           00175         BTFSS   STATUS,2
001C   2???           00176         GOTO    _00121_DS_
                      00177 ;;unsigned compare: left < lit(0x3C=60), size=1
001D   303C           00178         MOVLW   0x3c
001E   0??? 0???      00179         BANKSEL _minutes
0020   02??           00180         SUBWF   _minutes,W
0021   1803           00181         BTFSC   STATUS,0
0022   2???           00182         GOTO    _00118_DS_
                      00183 ;;genSkipc:3307: created from rifx:00000000047A57B0
0023   0A??           00184         INCF    _minutes,F
0024   2???           00185         GOTO    _00119_DS_
0025                  00186 _00118_DS_:
                      00187 ;       .line   52; "minutes.c" else              {minutes =0;}
0025   0??? 0???      00188         BANKSEL _minutes
0027   01??           00189         CLRF    _minutes
0028                  00190 _00119_DS_:
                      00191 ;       .line   53; "minutes.c" minutes_time=0;
0028   0??? 0???      00192         BANKSEL _minutes_time
002A   01??           00193         CLRF    _minutes_time
002B   01??           00194         CLRF    (_minutes_time + 1)
                      00195 ;;106   MOVF    _minutes,W
002C                  00196 _00121_DS_:
                      00197 ;       .line   57; "minutes.c" SSD_SetSymbol(SSD_N , minutes/10 );
002C   0??? 0???      00198         BANKSEL r0x1006
002E   01??           00199         CLRF    r0x1006
002F   300A           00200         MOVLW   0x0a
0030   00??           00201         MOVWF   STK02
gpasm-1.5.0 #1285 (Sep 12 2016) obj\Release\m   8-6-2020  15:31:05          PAGE  5


LOC    OBJECT CODE    LINE  SOURCE TEXT
  VALUE

0031   3000           00202         MOVLW   0x00
0032   00??           00203         MOVWF   STK01
                      00204 ;;105   MOVF    r0x1005,W
0033   0??? 0???      00205         BANKSEL _minutes
0035   08??           00206         MOVF    _minutes,W
0036   0??? 0???      00207         BANKSEL r0x1005
0038   00??           00208         MOVWF   r0x1005
0039   00??           00209         MOVWF   STK00
003A   3000           00210         MOVLW   0x00
003B   0??? 0???      00211         PAGESEL __divsint
003D   2???           00212         CALL    __divsint
003E   0??? 0???      00213         PAGESEL $
0040   0??? 0???      00214         BANKSEL r0x1006
0042   00??           00215         MOVWF   r0x1006
0043   08??           00216         MOVF    STK00,W
0044   00??           00217         MOVWF   r0x1005
0045   00??           00218         MOVWF   r0x1007
0046   00??           00219         MOVWF   STK00
0047   3002           00220         MOVLW   0x02
0048   0??? 0???      00221         PAGESEL _SSD_SetSymbol
004A   2???           00222         CALL    _SSD_SetSymbol
004B   0??? 0???      00223         PAGESEL $
                      00224 ;;104   MOVF    _minutes,W
                      00225 ;       .line   58; "minutes.c" SSD_SetSymbol( SSD_R, minutes%10);
004D   0??? 0???      00226         BANKSEL r0x1006
004F   01??           00227         CLRF    r0x1006
0050   300A           00228         MOVLW   0x0a
0051   00??           00229         MOVWF   STK02
0052   3000           00230         MOVLW   0x00
0053   00??           00231         MOVWF   STK01
                      00232 ;;103   MOVF    r0x1005,W
0054   0??? 0???      00233         BANKSEL _minutes
0056   08??           00234         MOVF    _minutes,W
0057   0??? 0???      00235         BANKSEL r0x1005
0059   00??           00236         MOVWF   r0x1005
005A   00??           00237         MOVWF   STK00
005B   3000           00238         MOVLW   0x00
005C   0??? 0???      00239         PAGESEL __modsint
005E   2???           00240         CALL    __modsint
005F   0??? 0???      00241         PAGESEL $
0061   0??? 0???      00242         BANKSEL r0x1006
0063   00??           00243         MOVWF   r0x1006
0064   08??           00244         MOVF    STK00,W
0065   00??           00245         MOVWF   r0x1005
0066   00??           00246         MOVWF   r0x1007
0067   00??           00247         MOVWF   STK00
0068   3003           00248         MOVLW   0x03
0069   0??? 0???      00249         PAGESEL _SSD_SetSymbol
006B   2???           00250         CALL    _SSD_SetSymbol
006C   0??? 0???      00251         PAGESEL $
006E   2???           00252         GOTO    _00142_DS_
006F                  00253 _00140_DS_:
                      00254 ;       .line   62; "minutes.c" else if(get_mode()== settting_minutes)
gpasm-1.5.0 #1285 (Sep 12 2016) obj\Release\m   8-6-2020  15:31:05          PAGE  6


LOC    OBJECT CODE    LINE  SOURCE TEXT
  VALUE

006F   0??? 0???      00255         PAGESEL _get_mode
0071   2???           00256         CALL    _get_mode
0072   0??? 0???      00257         PAGESEL $
0074   0??? 0???      00258         BANKSEL r0x1005
0076   00??           00259         MOVWF   r0x1005
0077   3A02           00260         XORLW   0x02
0078   1D03           00261         BTFSS   STATUS,2
0079   2???           00262         GOTO    _00142_DS_
                      00263 ;       .line   64; "minutes.c" one_second_time++;
007A   0??? 0???      00264         BANKSEL _one_second_time
007C   0A??           00265         INCF    _one_second_time,F
                      00266 ;       .line   65; "minutes.c" if(PB_GetState(PB_MINUS) ==PB_PRE_PRESSED )
007D   3001           00267         MOVLW   0x01
007E   0??? 0???      00268         PAGESEL _PB_GetState
0080   2???           00269         CALL    _PB_GetState
0081   0??? 0???      00270         PAGESEL $
0083   0??? 0???      00271         BANKSEL r0x1005
0085   00??           00272         MOVWF   r0x1005
0086   3A01           00273         XORLW   0x01
0087   1D03           00274         BTFSS   STATUS,2
0088   2???           00275         GOTO    _00126_DS_
                      00276 ;       .line   67; "minutes.c" if(minutes == 0){ minutes =60 ; }
0089   0??? 0???      00277         BANKSEL _minutes
008B   08??           00278         MOVF    _minutes,W
008C   1D03           00279         BTFSS   STATUS,2
008D   2???           00280         GOTO    _00123_DS_
008E   303C           00281         MOVLW   0x3c
008F   00??           00282         MOVWF   _minutes
0090   2???           00283         GOTO    _00126_DS_
0091                  00284 _00123_DS_:
                      00285 ;       .line   68; "minutes.c" else             { minutes--;    }
0091   0??? 0???      00286         BANKSEL _minutes
0093   03??           00287         DECF    _minutes,F
0094                  00288 _00126_DS_:
                      00289 ;       .line   71; "minutes.c" if(PB_GetState(PB_PLUS) ==PB_PRE_PRESSED )
0094   3000           00290         MOVLW   0x00
0095   0??? 0???      00291         PAGESEL _PB_GetState
0097   2???           00292         CALL    _PB_GetState
0098   0??? 0???      00293         PAGESEL $
009A   0??? 0???      00294         BANKSEL r0x1005
009C   00??           00295         MOVWF   r0x1005
009D   3A01           00296         XORLW   0x01
009E   1D03           00297         BTFSS   STATUS,2
009F   2???           00298         GOTO    _00131_DS_
                      00299 ;       .line   73; "minutes.c" if(  minutes == 60){    minutes =0;}
00A0   0??? 0???      00300         BANKSEL _minutes
00A2   08??           00301         MOVF    _minutes,W
00A3   3A3C           00302         XORLW   0x3c
00A4   1D03           00303         BTFSS   STATUS,2
00A5   2???           00304         GOTO    _00128_DS_
00A6   01??           00305         CLRF    _minutes
00A7   2???           00306         GOTO    _00131_DS_
00A8                  00307 _00128_DS_:
gpasm-1.5.0 #1285 (Sep 12 2016) obj\Release\m   8-6-2020  15:31:05          PAGE  7


LOC    OBJECT CODE    LINE  SOURCE TEXT
  VALUE

                      00308 ;       .line   74; "minutes.c" else{                   minutes++; }
00A8   0??? 0???      00309         BANKSEL _minutes
00AA   0A??           00310         INCF    _minutes,F
00AB                  00311 _00131_DS_:
                      00312 ;       .line   77; "minutes.c" minutes_time=0;
00AB   0??? 0???      00313         BANKSEL _minutes_time
00AD   01??           00314         CLRF    _minutes_time
00AE   01??           00315         CLRF    (_minutes_time + 1)
                      00316 ;       .line   79; "minutes.c" if(SSD_data !=SSD_NULL)
00AF   0??? 0???      00317         BANKSEL _SSD_data
00B1   08??           00318         MOVF    _SSD_data,W
                      00319 ;       .line   82; "minutes.c" SSD_SetSymbol(SSD_N ,   SSD_data/10 );
00B2   3A0A           00320         XORLW   0x0a
00B3   1903           00321         BTFSC   STATUS,2
00B4   2???           00322         GOTO    _00133_DS_
                      00323 ;;102   MOVF    _SSD_data,W
00B5   0??? 0???      00324         BANKSEL r0x1006
00B7   01??           00325         CLRF    r0x1006
00B8   300A           00326         MOVLW   0x0a
00B9   00??           00327         MOVWF   STK02
00BA   3000           00328         MOVLW   0x00
00BB   00??           00329         MOVWF   STK01
                      00330 ;;101   MOVF    r0x1005,W
00BC   0??? 0???      00331         BANKSEL _SSD_data
00BE   08??           00332         MOVF    _SSD_data,W
00BF   0??? 0???      00333         BANKSEL r0x1005
00C1   00??           00334         MOVWF   r0x1005
00C2   00??           00335         MOVWF   STK00
00C3   3000           00336         MOVLW   0x00
00C4   0??? 0???      00337         PAGESEL __divsint
00C6   2???           00338         CALL    __divsint
00C7   0??? 0???      00339         PAGESEL $
00C9   0??? 0???      00340         BANKSEL r0x1006
00CB   00??           00341         MOVWF   r0x1006
00CC   08??           00342         MOVF    STK00,W
00CD   00??           00343         MOVWF   r0x1005
00CE   00??           00344         MOVWF   r0x1007
00CF   00??           00345         MOVWF   STK00
00D0   3002           00346         MOVLW   0x02
00D1   0??? 0???      00347         PAGESEL _SSD_SetSymbol
00D3   2???           00348         CALL    _SSD_SetSymbol
00D4   0??? 0???      00349         PAGESEL $
                      00350 ;;100   MOVF    _SSD_data,W
                      00351 ;       .line   83; "minutes.c" SSD_SetSymbol(SSD_R,   SSD_data%10);
00D6   0??? 0???      00352         BANKSEL r0x1006
00D8   01??           00353         CLRF    r0x1006
00D9   300A           00354         MOVLW   0x0a
00DA   00??           00355         MOVWF   STK02
00DB   3000           00356         MOVLW   0x00
00DC   00??           00357         MOVWF   STK01
                      00358 ;;99    MOVF    r0x1005,W
00DD   0??? 0???      00359         BANKSEL _SSD_data
00DF   08??           00360         MOVF    _SSD_data,W
gpasm-1.5.0 #1285 (Sep 12 2016) obj\Release\m   8-6-2020  15:31:05          PAGE  8


LOC    OBJECT CODE    LINE  SOURCE TEXT
  VALUE

00E0   0??? 0???      00361         BANKSEL r0x1005
00E2   00??           00362         MOVWF   r0x1005
00E3   00??           00363         MOVWF   STK00
00E4   3000           00364         MOVLW   0x00
00E5   0??? 0???      00365         PAGESEL __modsint
00E7   2???           00366         CALL    __modsint
00E8   0??? 0???      00367         PAGESEL $
00EA   0??? 0???      00368         BANKSEL r0x1006
00EC   00??           00369         MOVWF   r0x1006
00ED   08??           00370         MOVF    STK00,W
00EE   00??           00371         MOVWF   r0x1005
00EF   00??           00372         MOVWF   r0x1007
00F0   00??           00373         MOVWF   STK00
00F1   3003           00374         MOVLW   0x03
00F2   0??? 0???      00375         PAGESEL _SSD_SetSymbol
00F4   2???           00376         CALL    _SSD_SetSymbol
00F5   0??? 0???      00377         PAGESEL $
00F7   2???           00378         GOTO    _00134_DS_
00F8                  00379 _00133_DS_:
                      00380 ;       .line   89; "minutes.c" SSD_SetSymbol(SSD_N ,   SSD_data );
00F8   0??? 0???      00381         BANKSEL _SSD_data
00FA   08??           00382         MOVF    _SSD_data,W
00FB   00??           00383         MOVWF   STK00
00FC   3002           00384         MOVLW   0x02
00FD   0??? 0???      00385         PAGESEL _SSD_SetSymbol
00FF   2???           00386         CALL    _SSD_SetSymbol
0100   0??? 0???      00387         PAGESEL $
                      00388 ;       .line   90; "minutes.c" SSD_SetSymbol(SSD_R,   SSD_data);
0102   0??? 0???      00389         BANKSEL _SSD_data
0104   08??           00390         MOVF    _SSD_data,W
0105   00??           00391         MOVWF   STK00
0106   3003           00392         MOVLW   0x03
0107   0??? 0???      00393         PAGESEL _SSD_SetSymbol
0109   2???           00394         CALL    _SSD_SetSymbol
010A   0??? 0???      00395         PAGESEL $
010C                  00396 _00134_DS_:
                      00397 ;       .line   93; "minutes.c" if( one_second_time == NUM_OF_TICKS_PER_ONE_SECOND)
010C   0??? 0???      00398         BANKSEL _one_second_time
010E   08??           00399         MOVF    _one_second_time,W
010F   3A0A           00400         XORLW   0x0a
0110   1D03           00401         BTFSS   STATUS,2
0111   2???           00402         GOTO    _00142_DS_
                      00403 ;       .line   95; "minutes.c" TOGGLE_passed_value_to_SSD();
0112   0??? 0???      00404         PAGESEL _TOGGLE_passed_value_to_SSD
0114   2???           00405         CALL    _TOGGLE_passed_value_to_SSD
0115   0??? 0???      00406         PAGESEL $
                      00407 ;       .line   97; "minutes.c" one_second_time =0;
0117   0??? 0???      00408         BANKSEL _one_second_time
0119   01??           00409         CLRF    _one_second_time
011A                  00410 _00142_DS_:
                      00411 ;       .line   104; "minutes.c"        }
011A   0008           00412         RETURN  
                      00413 ; exit point of _minutes_update
gpasm-1.5.0 #1285 (Sep 12 2016) obj\Release\m   8-6-2020  15:31:05          PAGE  9


LOC    OBJECT CODE    LINE  SOURCE TEXT
  VALUE

                      00414 
                      00415 ;***
                      00416 ;  pBlock Stats: dbName = C
                      00417 ;***
                      00418 ;has an exit
                      00419 ;; Starting pCode block
                      00420 S_minutes__minutes_init code
0000                  00421 _minutes_init:
                      00422 ; 2 exit points
                      00423 ;       .line   36; "minutes.c" void minutes_init(unsigned char init_minutes)
0000   0??? 0???      00424         BANKSEL _minutes
0002   00??           00425         MOVWF   _minutes
                      00426 ;       .line   39; "minutes.c" }
0003   0008           00427         RETURN  
                      00428 ; exit point of _minutes_init
                      00429 
                      00430 ;***
                      00431 ;  pBlock Stats: dbName = C
                      00432 ;***
                      00433 ;has an exit
                      00434 ;; Starting pCode block
                      00435 S_minutes__TOGGLE_passed_value_to_SSD   code
0000                  00436 _TOGGLE_passed_value_to_SSD:
                      00437 ; 2 exit points
                      00438 ;       .line   22; "minutes.c" if(SSD_data ==  SSD_NULL)
0000   0??? 0???      00439         BANKSEL _SSD_data
0002   08??           00440         MOVF    _SSD_data,W
0003   3A0A           00441         XORLW   0x0a
0004   1D03           00442         BTFSS   STATUS,2
0005   2???           00443         GOTO    _00106_DS_
                      00444 ;       .line   24; "minutes.c" SSD_data = minutes ;
0006   0??? 0???      00445         BANKSEL _minutes
0008   08??           00446         MOVF    _minutes,W
0009   0??? 0???      00447         BANKSEL _SSD_data
000B   00??           00448         MOVWF   _SSD_data
000C   2???           00449         GOTO    _00108_DS_
000D                  00450 _00106_DS_:
                      00451 ;       .line   28; "minutes.c" SSD_data = SSD_NULL;
000D   300A           00452         MOVLW   0x0a
000E   0??? 0???      00453         BANKSEL _SSD_data
0010   00??           00454         MOVWF   _SSD_data
0011                  00455 _00108_DS_:
                      00456 ;       .line   34; "minutes.c" }
0011   0008           00457         RETURN  
                      00458 ; exit point of _TOGGLE_passed_value_to_SSD
                      00459 
                      00460 
                      00461 ;       code size estimation:
                      00462 ;         163+   73 =   236 instructions (  618 byte)
                      00463 
                      00464         end
gpasm-1.5.0 #1285 (Sep 12 2016) obj\Release\m   8-6-2020  15:31:05          PAGE 10


SYMBOL TABLE
  LABEL                              TYPE        VALUE         VALUE          VALUE
                                                 (hex)         (dec)          (text)

ACKDT                             CONSTANT      00000005              5
ACKEN                             CONSTANT      00000004              4
ACKSTAT                           CONSTANT      00000006              6
ADCON0                            CONSTANT      0000001F             31
ADCON1                            CONSTANT      0000009F            159
ADCS0                             CONSTANT      00000006              6
ADCS1                             CONSTANT      00000007              7
ADCS2                             CONSTANT      00000006              6
ADDEN                             CONSTANT      00000003              3
ADFM                              CONSTANT      00000007              7
ADIE                              CONSTANT      00000006              6
ADIF                              CONSTANT      00000006              6
ADON                              CONSTANT      00000000              0
ADRESH                            CONSTANT      0000001E             30
ADRESL                            CONSTANT      0000009E            158
BCLIE                             CONSTANT      00000003              3
BCLIF                             CONSTANT      00000003              3
BF                                CONSTANT      00000000              0
BRGH                              CONSTANT      00000002              2
C                                 CONSTANT      00000000              0
C1INV                             CONSTANT      00000004              4
C1OUT                             CONSTANT      00000006              6
C2INV                             CONSTANT      00000005              5
C2OUT                             CONSTANT      00000007              7
CCP1CON                           CONSTANT      00000017             23
CCP1IE                            CONSTANT      00000002              2
CCP1IF                            CONSTANT      00000002              2
CCP1M0                            CONSTANT      00000000              0
CCP1M1                            CONSTANT      00000001              1
CCP1M2                            CONSTANT      00000002              2
CCP1M3                            CONSTANT      00000003              3
CCP1X                             CONSTANT      00000005              5
CCP1Y                             CONSTANT      00000004              4
CCP2CON                           CONSTANT      0000001D             29
CCP2IE                            CONSTANT      00000000              0
CCP2IF                            CONSTANT      00000000              0
CCP2M0                            CONSTANT      00000000              0
CCP2M1                            CONSTANT      00000001              1
CCP2M2                            CONSTANT      00000002              2
CCP2M3                            CONSTANT      00000003              3
CCP2X                             CONSTANT      00000005              5
CCP2Y                             CONSTANT      00000004              4
CCPR1                             CONSTANT      00000015             21
CCPR1H                            CONSTANT      00000016             22
CCPR1L                            CONSTANT      00000015             21
CCPR2                             CONSTANT      0000001B             27
CCPR2H                            CONSTANT      0000001C             28
CCPR2L                            CONSTANT      0000001B             27
CHS0                              CONSTANT      00000003              3
CHS1                              CONSTANT      00000004              4
CHS2                              CONSTANT      00000005              5
CIS                               CONSTANT      00000003              3
gpasm-1.5.0 #1285 (Sep 12 2016) obj\Release\m   8-6-2020  15:31:05          PAGE 11


SYMBOL TABLE
  LABEL                              TYPE        VALUE         VALUE          VALUE
                                                 (hex)         (dec)          (text)

CKE                               CONSTANT      00000006              6
CKP                               CONSTANT      00000004              4
CM0                               CONSTANT      00000000              0
CM1                               CONSTANT      00000001              1
CM2                               CONSTANT      00000002              2
CMCON                             CONSTANT      0000009C            156
CMIE                              CONSTANT      00000006              6
CMIF                              CONSTANT      00000006              6
CREN                              CONSTANT      00000004              4
CSRC                              CONSTANT      00000007              7
CVR0                              CONSTANT      00000000              0
CVR1                              CONSTANT      00000001              1
CVR2                              CONSTANT      00000002              2
CVR3                              CONSTANT      00000003              3
CVRCON                            CONSTANT      0000009D            157
CVREN                             CONSTANT      00000007              7
CVROE                             CONSTANT      00000006              6
CVRR                              CONSTANT      00000005              5
D                                 CONSTANT      00000005              5
DATA_ADDRESS                      CONSTANT      00000005              5
DC                                CONSTANT      00000001              1
D_A                               CONSTANT      00000005              5
D_NOT_A                           CONSTANT      00000005              5
EEADR                             CONSTANT      0000010D            269
EEADRH                            CONSTANT      0000010F            271
EECON1                            CONSTANT      0000018C            396
EECON2                            CONSTANT      0000018D            397
EEDATA                            CONSTANT      0000010C            268
EEDATH                            CONSTANT      0000010E            270
EEIE                              CONSTANT      00000004              4
EEIF                              CONSTANT      00000004              4
EEPGD                             CONSTANT      00000007              7
F                                 CONSTANT      00000001              1
FERR                              CONSTANT      00000002              2
FSR                               CONSTANT      00000004              4
GCEN                              CONSTANT      00000007              7
GIE                               CONSTANT      00000007              7
GO                                CONSTANT      00000002              2
GO_DONE                           CONSTANT      00000002              2
GO_NOT_DONE                       CONSTANT      00000002              2
I2C_DATA                          CONSTANT      00000005              5
I2C_READ                          CONSTANT      00000002              2
I2C_START                         CONSTANT      00000003              3
I2C_STOP                          CONSTANT      00000004              4
IBF                               CONSTANT      00000007              7
IBOV                              CONSTANT      00000005              5
INDF                              CONSTANT      00000000              0
INTCON                            CONSTANT      0000000B             11
INTE                              CONSTANT      00000004              4
INTEDG                            CONSTANT      00000006              6
INTF                              CONSTANT      00000001              1
IRP                               CONSTANT      00000007              7
gpasm-1.5.0 #1285 (Sep 12 2016) obj\Release\m   8-6-2020  15:31:05          PAGE 12


SYMBOL TABLE
  LABEL                              TYPE        VALUE         VALUE          VALUE
                                                 (hex)         (dec)          (text)

NOT_A                             CONSTANT      00000005              5
NOT_ADDRESS                       CONSTANT      00000005              5
NOT_BO                            CONSTANT      00000000              0
NOT_BOR                           CONSTANT      00000000              0
NOT_DONE                          CONSTANT      00000002              2
NOT_PD                            CONSTANT      00000003              3
NOT_POR                           CONSTANT      00000001              1
NOT_RBPU                          CONSTANT      00000007              7
NOT_RC8                           CONSTANT      00000006              6
NOT_T1SYNC                        CONSTANT      00000002              2
NOT_TO                            CONSTANT      00000004              4
NOT_TX8                           CONSTANT      00000006              6
NOT_W                             CONSTANT      00000002              2
NOT_WRITE                         CONSTANT      00000002              2
OBF                               CONSTANT      00000006              6
OERR                              CONSTANT      00000001              1
OPTION_REG                        CONSTANT      00000081            129
P                                 CONSTANT      00000004              4
PCFG0                             CONSTANT      00000000              0
PCFG1                             CONSTANT      00000001              1
PCFG2                             CONSTANT      00000002              2
PCFG3                             CONSTANT      00000003              3
PCL                               CONSTANT      00000002              2
PCLATH                            CONSTANT      0000000A             10
PCON                              CONSTANT      0000008E            142
PEIE                              CONSTANT      00000006              6
PEN                               CONSTANT      00000002              2
PIE1                              CONSTANT      0000008C            140
PIE2                              CONSTANT      0000008D            141
PIR1                              CONSTANT      0000000C             12
PIR2                              CONSTANT      0000000D             13
PORTA                             CONSTANT      00000005              5
PORTB                             CONSTANT      00000006              6
PORTC                             CONSTANT      00000007              7
PORTD                             CONSTANT      00000008              8
PORTE                             CONSTANT      00000009              9
PR2                               CONSTANT      00000092            146
PS0                               CONSTANT      00000000              0
PS1                               CONSTANT      00000001              1
PS2                               CONSTANT      00000002              2
PSA                               CONSTANT      00000003              3
PSAVE                             EXTERNAL      00000000              0
PSPIE                             CONSTANT      00000007              7
PSPIF                             CONSTANT      00000007              7
PSPMODE                           CONSTANT      00000004              4
R                                 CONSTANT      00000002              2
RA0                               CONSTANT      00000000              0
RA1                               CONSTANT      00000001              1
RA2                               CONSTANT      00000002              2
RA3                               CONSTANT      00000003              3
RA4                               CONSTANT      00000004              4
RA5                               CONSTANT      00000005              5
gpasm-1.5.0 #1285 (Sep 12 2016) obj\Release\m   8-6-2020  15:31:05          PAGE 13


SYMBOL TABLE
  LABEL                              TYPE        VALUE         VALUE          VALUE
                                                 (hex)         (dec)          (text)

RB0                               CONSTANT      00000000              0
RB1                               CONSTANT      00000001              1
RB2                               CONSTANT      00000002              2
RB3                               CONSTANT      00000003              3
RB4                               CONSTANT      00000004              4
RB5                               CONSTANT      00000005              5
RB6                               CONSTANT      00000006              6
RB7                               CONSTANT      00000007              7
RBIE                              CONSTANT      00000003              3
RBIF                              CONSTANT      00000000              0
RC0                               CONSTANT      00000000              0
RC1                               CONSTANT      00000001              1
RC2                               CONSTANT      00000002              2
RC3                               CONSTANT      00000003              3
RC4                               CONSTANT      00000004              4
RC5                               CONSTANT      00000005              5
RC6                               CONSTANT      00000006              6
RC7                               CONSTANT      00000007              7
RC8_9                             CONSTANT      00000006              6
RC9                               CONSTANT      00000006              6
RCD8                              CONSTANT      00000000              0
RCEN                              CONSTANT      00000003              3
RCIE                              CONSTANT      00000005              5
RCIF                              CONSTANT      00000005              5
RCREG                             CONSTANT      0000001A             26
RCSTA                             CONSTANT      00000018             24
RD                                CONSTANT      00000000              0
RD0                               CONSTANT      00000000              0
RD1                               CONSTANT      00000001              1
RD2                               CONSTANT      00000002              2
RD3                               CONSTANT      00000003              3
RD4                               CONSTANT      00000004              4
RD5                               CONSTANT      00000005              5
RD6                               CONSTANT      00000006              6
RD7                               CONSTANT      00000007              7
RE0                               CONSTANT      00000000              0
RE1                               CONSTANT      00000001              1
RE2                               CONSTANT      00000002              2
READ_WRITE                        CONSTANT      00000002              2
RP0                               CONSTANT      00000005              5
RP1                               CONSTANT      00000006              6
RSEN                              CONSTANT      00000001              1
RX9                               CONSTANT      00000006              6
RX9D                              CONSTANT      00000000              0
R_NOT_W                           CONSTANT      00000002              2
R_W                               CONSTANT      00000002              2
S                                 CONSTANT      00000003              3
SEN                               CONSTANT      00000000              0
SMP                               CONSTANT      00000007              7
SPBRG                             CONSTANT      00000099            153
SPEN                              CONSTANT      00000007              7
SREN                              CONSTANT      00000005              5
gpasm-1.5.0 #1285 (Sep 12 2016) obj\Release\m   8-6-2020  15:31:05          PAGE 14


SYMBOL TABLE
  LABEL                              TYPE        VALUE         VALUE          VALUE
                                                 (hex)         (dec)          (text)

SSAVE                             EXTERNAL      00000000              0
SSPADD                            CONSTANT      00000093            147
SSPBUF                            CONSTANT      00000013             19
SSPCON                            CONSTANT      00000014             20
SSPCON2                           CONSTANT      00000091            145
SSPEN                             CONSTANT      00000005              5
SSPIE                             CONSTANT      00000003              3
SSPIF                             CONSTANT      00000003              3
SSPM0                             CONSTANT      00000000              0
SSPM1                             CONSTANT      00000001              1
SSPM2                             CONSTANT      00000002              2
SSPM3                             CONSTANT      00000003              3
SSPOV                             CONSTANT      00000006              6
SSPSTAT                           CONSTANT      00000094            148
STATUS                            CONSTANT      00000003              3
STK00                             EXTERNAL      00000000              0
STK01                             EXTERNAL      00000000              0
STK02                             EXTERNAL      00000000              0
STK03                             EXTERNAL      00000000              0
STK04                             EXTERNAL      00000000              0
STK05                             EXTERNAL      00000000              0
STK06                             EXTERNAL      00000000              0
STK07                             EXTERNAL      00000000              0
STK08                             EXTERNAL      00000000              0
STK09                             EXTERNAL      00000000              0
STK10                             EXTERNAL      00000000              0
STK11                             EXTERNAL      00000000              0
STK12                             EXTERNAL      00000000              0
SYNC                              CONSTANT      00000004              4
T0CS                              CONSTANT      00000005              5
T0IE                              CONSTANT      00000005              5
T0IF                              CONSTANT      00000002              2
T0SE                              CONSTANT      00000004              4
T1CKPS0                           CONSTANT      00000004              4
T1CKPS1                           CONSTANT      00000005              5
T1CON                             CONSTANT      00000010             16
T1INSYNC                          CONSTANT      00000002              2
T1OSCEN                           CONSTANT      00000003              3
T1SYNC                            CONSTANT      00000002              2
T2CKPS0                           CONSTANT      00000000              0
T2CKPS1                           CONSTANT      00000001              1
T2CON                             CONSTANT      00000012             18
TMR0                              CONSTANT      00000001              1
TMR0IE                            CONSTANT      00000005              5
TMR0IF                            CONSTANT      00000002              2
TMR1                              CONSTANT      0000000E             14
TMR1CS                            CONSTANT      00000001              1
TMR1H                             CONSTANT      0000000F             15
TMR1IE                            CONSTANT      00000000              0
TMR1IF                            CONSTANT      00000000              0
TMR1L                             CONSTANT      0000000E             14
TMR1ON                            CONSTANT      00000000              0
gpasm-1.5.0 #1285 (Sep 12 2016) obj\Release\m   8-6-2020  15:31:05          PAGE 15


SYMBOL TABLE
  LABEL                              TYPE        VALUE         VALUE          VALUE
                                                 (hex)         (dec)          (text)

TMR2                              CONSTANT      00000011             17
TMR2IE                            CONSTANT      00000001              1
TMR2IF                            CONSTANT      00000001              1
TMR2ON                            CONSTANT      00000002              2
TOUTPS0                           CONSTANT      00000003              3
TOUTPS1                           CONSTANT      00000004              4
TOUTPS2                           CONSTANT      00000005              5
TOUTPS3                           CONSTANT      00000006              6
TRISA                             CONSTANT      00000085            133
TRISA0                            CONSTANT      00000000              0
TRISA1                            CONSTANT      00000001              1
TRISA2                            CONSTANT      00000002              2
TRISA3                            CONSTANT      00000003              3
TRISA4                            CONSTANT      00000004              4
TRISA5                            CONSTANT      00000005              5
TRISB                             CONSTANT      00000086            134
TRISB0                            CONSTANT      00000000              0
TRISB1                            CONSTANT      00000001              1
TRISB2                            CONSTANT      00000002              2
TRISB3                            CONSTANT      00000003              3
TRISB4                            CONSTANT      00000004              4
TRISB5                            CONSTANT      00000005              5
TRISB6                            CONSTANT      00000006              6
TRISB7                            CONSTANT      00000007              7
TRISC                             CONSTANT      00000087            135
TRISC0                            CONSTANT      00000000              0
TRISC1                            CONSTANT      00000001              1
TRISC2                            CONSTANT      00000002              2
TRISC3                            CONSTANT      00000003              3
TRISC4                            CONSTANT      00000004              4
TRISC5                            CONSTANT      00000005              5
TRISC6                            CONSTANT      00000006              6
TRISC7                            CONSTANT      00000007              7
TRISD                             CONSTANT      00000088            136
TRISD0                            CONSTANT      00000000              0
TRISD1                            CONSTANT      00000001              1
TRISD2                            CONSTANT      00000002              2
TRISD3                            CONSTANT      00000003              3
TRISD4                            CONSTANT      00000004              4
TRISD5                            CONSTANT      00000005              5
TRISD6                            CONSTANT      00000006              6
TRISD7                            CONSTANT      00000007              7
TRISE                             CONSTANT      00000089            137
TRISE0                            CONSTANT      00000000              0
TRISE1                            CONSTANT      00000001              1
TRISE2                            CONSTANT      00000002              2
TRMT                              CONSTANT      00000001              1
TX8_9                             CONSTANT      00000006              6
TX9                               CONSTANT      00000006              6
TX9D                              CONSTANT      00000000              0
TXD8                              CONSTANT      00000000              0
TXEN                              CONSTANT      00000005              5
gpasm-1.5.0 #1285 (Sep 12 2016) obj\Release\m   8-6-2020  15:31:05          PAGE 16


SYMBOL TABLE
  LABEL                              TYPE        VALUE         VALUE          VALUE
                                                 (hex)         (dec)          (text)

TXIE                              CONSTANT      00000004              4
TXIF                              CONSTANT      00000004              4
TXREG                             CONSTANT      00000019             25
TXSTA                             CONSTANT      00000098            152
UA                                CONSTANT      00000001              1
W                                 CONSTANT      00000000              0
WCOL                              CONSTANT      00000007              7
WR                                CONSTANT      00000001              1
WREN                              CONSTANT      00000002              2
WRERR                             CONSTANT      00000003              3
WSAVE                             EXTERNAL      00000000              0
Z                                 CONSTANT      00000002              2
_00106_DS_                        ADDRESS       0000000D             13
_00108_DS_                        ADDRESS       00000011             17
_00118_DS_                        ADDRESS       00000025             37
_00119_DS_                        ADDRESS       00000028             40
_00121_DS_                        ADDRESS       0000002C             44
_00123_DS_                        ADDRESS       00000091            145
_00126_DS_                        ADDRESS       00000094            148
_00128_DS_                        ADDRESS       000000A8            168
_00131_DS_                        ADDRESS       000000AB            171
_00133_DS_                        ADDRESS       000000F8            248
_00134_DS_                        ADDRESS       0000010C            268
_00140_DS_                        ADDRESS       0000006F            111
_00142_DS_                        ADDRESS       0000011A            282
_BODEN_OFF                        CONSTANT      00003FBF          16319
_BODEN_ON                         CONSTANT      00003FFF          16383
_BOREN_OFF                        CONSTANT      00003FBF          16319
_BOREN_ON                         CONSTANT      00003FFF          16383
_CONFIG                           CONSTANT      00002007           8199
_CPD_OFF                          CONSTANT      00003FFF          16383
_CPD_ON                           CONSTANT      00003EFF          16127
_CP_ALL                           CONSTANT      00001FFF           8191
_CP_OFF                           CONSTANT      00003FFF          16383
_CP_ON                            CONSTANT      00001FFF           8191
_DEBUG_OFF                        CONSTANT      00003FFF          16383
_DEBUG_ON                         CONSTANT      000037FF          14335
_DEVID1                           CONSTANT      00002006           8198
_FOSC_EXTRC                       CONSTANT      00003FFF          16383
_FOSC_HS                          CONSTANT      00003FFE          16382
_FOSC_LP                          CONSTANT      00003FFC          16380
_FOSC_XT                          CONSTANT      00003FFD          16381
_HS_OSC                           CONSTANT      00003FFE          16382
_IDLOC0                           CONSTANT      00002000           8192
_IDLOC1                           CONSTANT      00002001           8193
_IDLOC2                           CONSTANT      00002002           8194
_IDLOC3                           CONSTANT      00002003           8195
_LP_OSC                           CONSTANT      00003FFC          16380
_LVP_OFF                          CONSTANT      00003F7F          16255
_LVP_ON                           CONSTANT      00003FFF          16383
_PB_GetState                      EXTERNAL      00000000              0
_PWRTE_OFF                        CONSTANT      00003FFF          16383
gpasm-1.5.0 #1285 (Sep 12 2016) obj\Release\m   8-6-2020  15:31:05          PAGE 17


SYMBOL TABLE
  LABEL                              TYPE        VALUE         VALUE          VALUE
                                                 (hex)         (dec)          (text)

_PWRTE_ON                         CONSTANT      00003FF7          16375
_RC_OSC                           CONSTANT      00003FFF          16383
_SSD_SetSymbol                    EXTERNAL      00000000              0
_SSD_data                         STATIC        00000000              0
_S_minutes__minutes_update_0003   ADDRESS       00000003              3
_S_minutes__minutes_update_003E   ADDRESS       0000003E             62
_S_minutes__minutes_update_004B   ADDRESS       0000004B             75
_S_minutes__minutes_update_005F   ADDRESS       0000005F             95
_S_minutes__minutes_update_006C   ADDRESS       0000006C            108
_S_minutes__minutes_update_0072   ADDRESS       00000072            114
_S_minutes__minutes_update_0081   ADDRESS       00000081            129
_S_minutes__minutes_update_0098   ADDRESS       00000098            152
_S_minutes__minutes_update_00C7   ADDRESS       000000C7            199
_S_minutes__minutes_update_00D4   ADDRESS       000000D4            212
_S_minutes__minutes_update_00E8   ADDRESS       000000E8            232
_S_minutes__minutes_update_00F5   ADDRESS       000000F5            245
_S_minutes__minutes_update_0100   ADDRESS       00000100            256
_S_minutes__minutes_update_010A   ADDRESS       0000010A            266
_S_minutes__minutes_update_0115   ADDRESS       00000115            277
_TOGGLE_passed_value_to_SSD       ADDRESS       00000000              0
_WDTE_OFF                         CONSTANT      00003FFB          16379
_WDTE_ON                          CONSTANT      00003FFF          16383
_WDT_OFF                          CONSTANT      00003FFB          16379
_WDT_ON                           CONSTANT      00003FFF          16383
_WRT_1FOURTH                      CONSTANT      00003BFF          15359
_WRT_256                          CONSTANT      00003DFF          15871
_WRT_HALF                         CONSTANT      000039FF          14847
_WRT_OFF                          CONSTANT      00003FFF          16383
_XT_OSC                           CONSTANT      00003FFD          16381
__14_BIT                          CONSTANT      00000001              1
__16F877A                         CONSTANT      00000001              1
__ACTIVE_BANK_ADDR                VARIABLE      FFFFFFFF             -1
__ACTIVE_PAGE_ADDR                VARIABLE      FFFFFFFF             -1
__ASSUMED_BANK_ADDR               VARIABLE      FFFFFFFF             -1
__BANK_0                          CONSTANT      00000000              0
__BANK_1                          CONSTANT      00000080            128
__BANK_2                          CONSTANT      00000100            256
__BANK_3                          CONSTANT      00000180            384
__BANK_BITS                       CONSTANT      00000180            384
__BANK_FIRST                      CONSTANT      00000000              0
__BANK_INV                        CONSTANT      FFFFFFFF             -1
__BANK_LAST                       CONSTANT      00000180            384
__BANK_MASK                       CONSTANT      0000007F            127
__BANK_SHIFT                      CONSTANT      00000007              7
__BANK_SIZE                       CONSTANT      00000080            128
__CODE_END                        CONSTANT      00001FFF           8191
__CODE_START                      CONSTANT      00000000              0
__COMMON_RAM_END                  CONSTANT      0000007F            127
__COMMON_RAM_START                CONSTANT      00000070            112
__CONFIG_END                      CONSTANT      00002007           8199
__CONFIG_START                    CONSTANT      00002007           8199
__EEPROM_END                      CONSTANT      000021FF           8703
gpasm-1.5.0 #1285 (Sep 12 2016) obj\Release\m   8-6-2020  15:31:05          PAGE 18


SYMBOL TABLE
  LABEL                              TYPE        VALUE         VALUE          VALUE
                                                 (hex)         (dec)          (text)

__EEPROM_START                    CONSTANT      00002100           8448
__GPUTILS_SVN_VERSION             CONSTANT      00000505           1285
__GPUTILS_VERSION_MAJOR           CONSTANT      00000001              1
__GPUTILS_VERSION_MICRO           CONSTANT      00000000              0
__GPUTILS_VERSION_MINOR           CONSTANT      00000005              5
__IDLOCS_END                      CONSTANT      00002003           8195
__IDLOCS_START                    CONSTANT      00002000           8192
__NUM_BANKS                       CONSTANT      00000004              4
__NUM_PAGES                       CONSTANT      00000004              4
__PAGE_0                          CONSTANT      00000000              0
__PAGE_1                          CONSTANT      00000800           2048
__PAGE_2                          CONSTANT      00001000           4096
__PAGE_3                          CONSTANT      00001800           6144
__PAGE_BITS                       CONSTANT      00001800           6144
__PAGE_FIRST                      CONSTANT      00000000              0
__PAGE_INV                        CONSTANT      FFFFFFFF             -1
__PAGE_LAST                       CONSTANT      00001800           6144
__PAGE_MASK                       CONSTANT      000007FF           2047
__PAGE_SHIFT                      CONSTANT      0000000B             11
__PAGE_SIZE                       CONSTANT      00000800           2048
__VECTOR_INT                      CONSTANT      00000004              4
__VECTOR_RESET                    CONSTANT      00000000              0
__WHILE_LOOP_COUNT_MAX            CONSTANT      000000FF            255
__divsint                         EXTERNAL      00000000              0
__modsint                         EXTERNAL      00000000              0
_get_minutes                      GLOBAL        00000000              0
_get_mode                         EXTERNAL      00000000              0
_minutes                          STATIC        00000000              0
_minutes_init                     GLOBAL        00000000              0
_minutes_time                     STATIC        00000000              0
_minutes_update                   GLOBAL        00000000              0
_one_second_time                  STATIC        00000000              0
r0x1005                           STATIC        00000000              0
r0x1006                           STATIC        00000001              1
r0x1007                           STATIC        00000002              2

Errors   :     0
Warnings :     0 reported,     0 suppressed
Messages :     0 reported,     0 suppressed

